Build started 7/21/2013 7:14:14 PM.
     1>Project "C:\Users\lDantonl\Documents\Visual Studio 2010\Projects\C++\C++ Game\C++ Game\C++ Game.vcxproj" on node 2 (build target(s)).
     1>InitializeBuildStatus:
         Touching "Debug\C++ Game.unsuccessfulbuild".
       ClCompile:
         C:\Program Files (x86)\Microsoft Visual Studio 10.0\VC\bin\CL.exe /c /ZI /nologo /W3 /WX- /Od /Oy- /D _MBCS /Gm /EHsc /RTC1 /MD /GS /fp:precise /Zc:wchar_t /Zc:forScope /Fo"Debug\\" /Fd"Debug\vc100.pdb" /Gd /TP /analyze- /errorReport:prompt AnimatedSprite.cpp AnimatedSpriteDirector.cpp Collision.cpp FrameRate.cpp Hero.cpp Image.cpp Jukebox.cpp Keyboard.cpp Main.cpp SpriteDirector.cpp StaticSprite.cpp StaticSpriteDirector.cpp System.cpp Timer.cpp
         Timer.cpp
     1>c:\users\ldantonl\documents\visual studio 2010\projects\c++\c++ game\c++ game\timer.h(2): fatal error C1083: Cannot open include file: 'SDL.h': No such file or directory
         System.cpp
     1>c:\users\ldantonl\documents\visual studio 2010\projects\c++\c++ game\c++ game\system.h(2): fatal error C1083: Cannot open include file: 'SDL.h': No such file or directory
         StaticSpriteDirector.cpp
     1>c:\users\ldantonl\documents\visual studio 2010\projects\c++\c++ game\c++ game\image.h(2): fatal error C1083: Cannot open include file: 'SDL.h': No such file or directory
         StaticSprite.cpp
     1>c:\users\ldantonl\documents\visual studio 2010\projects\c++\c++ game\c++ game\image.h(2): fatal error C1083: Cannot open include file: 'SDL.h': No such file or directory
         SpriteDirector.cpp
     1>c:\users\ldantonl\documents\visual studio 2010\projects\c++\c++ game\c++ game\hero.h(2): fatal error C1083: Cannot open include file: 'SDL.h': No such file or directory
         Main.cpp
     1>c:\users\ldantonl\documents\visual studio 2010\projects\c++\c++ game\c++ game\main.cpp(2): fatal error C1083: Cannot open include file: 'SDL.h': No such file or directory
         Keyboard.cpp
     1>c:\users\ldantonl\documents\visual studio 2010\projects\c++\c++ game\c++ game\system.h(2): fatal error C1083: Cannot open include file: 'SDL.h': No such file or directory
         Jukebox.cpp
     1>c:\users\ldantonl\documents\visual studio 2010\projects\c++\c++ game\c++ game\jukebox.h(2): fatal error C1083: Cannot open include file: 'SDL_mixer.h': No such file or directory
         Image.cpp
     1>c:\users\ldantonl\documents\visual studio 2010\projects\c++\c++ game\c++ game\image.h(2): fatal error C1083: Cannot open include file: 'SDL.h': No such file or directory
         Hero.cpp
     1>c:\users\ldantonl\documents\visual studio 2010\projects\c++\c++ game\c++ game\hero.h(2): fatal error C1083: Cannot open include file: 'SDL.h': No such file or directory
         FrameRate.cpp
     1>c:\users\ldantonl\documents\visual studio 2010\projects\c++\c++ game\c++ game\framerate.h(2): fatal error C1083: Cannot open include file: 'SDL.h': No such file or directory
         Collision.cpp
     1>c:\users\ldantonl\documents\visual studio 2010\projects\c++\c++ game\c++ game\collision.h(2): fatal error C1083: Cannot open include file: 'SDL.h': No such file or directory
         AnimatedSpriteDirector.cpp
     1>c:\users\ldantonl\documents\visual studio 2010\projects\c++\c++ game\c++ game\animatedsprite.h(2): fatal error C1083: Cannot open include file: 'SDL.h': No such file or directory
         AnimatedSprite.cpp
     1>c:\users\ldantonl\documents\visual studio 2010\projects\c++\c++ game\c++ game\animatedsprite.h(2): fatal error C1083: Cannot open include file: 'SDL.h': No such file or directory
         Generating Code...
     1>Done Building Project "C:\Users\lDantonl\Documents\Visual Studio 2010\Projects\C++\C++ Game\C++ Game\C++ Game.vcxproj" (build target(s)) -- FAILED.

Build FAILED.

Time Elapsed 00:00:00.32
